ADDR | Instruction

0200   CLS
0202   LD I, 34c
0204   LD V3, 18
0206   LD V4, 11
0208   DRW V3, V4, 9
020a   ADD V3, 8
020c   LD I, 355
020e   DRW V3, V4, 9
0210   ADD V3, 8
0212   LD I, 35e
0214   DRW V3, V4, 9
0216   ADD V3, 8
0218   LD I, 367
021a   DRW V3, V4, 9
021c   LD V3, 0
021e   LD V4, 0
0220   LD V0, 15
0222   SKNP V0
0224   JP 22e
0226   LD V0, 11
0228   SKNP V0
022a   JP 234
022c   JP 220
022e   LD V5, 1
0230   CLS
0232   JP 260
0234   LD V5, 2
0236   CLS
0238   LD V0, 0
023a   LD V1, 0
023c   LD V2, 31
023e   LD I, 34c
0240   DRW V0, V1, 1
0242   DRW V0, V2, 1
0244   ADD V0, 8
0246   SNE V0, 64
0248   JP 24c
024a   JP 240
024c   LD V0, 1
024e   LD V1, 0
0250   LD V2, 63
0252   LD I, 370
0254   DRW V1, V0, 10
0256   DRW V2, V0, 10
0258   ADD V0, 10
025a   SNE V0, 31
025c   JP 260
025e   JP 254
0260   LD I, 370
0262   LD Vc, 32
0264   LD Vb, 15
0266   LD Va, 31
0268   LD Vd, 15
026a   LD V6, 255
026c   LD V7, 0
026e   LD V8, 1
0270   LD V9, 0
0272   DRW Va, Vb, 1
0274   DRW Vc, Vd, 1
0276   LD V0, 0
0278   SKP V0
027a   JP 278
027c   LD V0, 10
027e   LD ST, V0
0280   LD V0, 1
0282   SKNP V0
0284   CALL 2fc
0286   ADD V0, 3
0288   SKNP V0
028a   CALL 306
028c   ADD V0, 3
028e   SKNP V0
0290   CALL 310
0292   ADD V0, 3
0294   SKNP V0
0296   CALL 31a
0298   LD V0, 3
029a   SKNP V0
029c   CALL 324
029e   ADD V0, 9
02a0   SKNP V0
02a2   CALL 32e
02a4   ADD V0, 253
02a6   SKNP V0
02a8   CALL 338
02aa   ADD V0, 5
02ac   SKNP V0
02ae   CALL 342
02b0   ADD Va, V6
02b2   ADD Vc, V8
02b4   ADD Vb, V7
02b6   ADD Vd, V9
02b8   DRW Va, Vb, 1
02ba   SNE Vf, 1
02bc   JP 2d0
02be   DRW Vc, Vd, 1
02c0   SNE Vf, 1
02c2   JP 2da
02c4   LD V0, 2
02c6   LD DT, V0
02c8   LD V0, DT
02ca   SE V0, 0
02cc   JP 2c8
02ce   JP 280
02d0   CLS
02d2   ADD V4, 1
02d4   SNE V4, 10
02d6   LD V4, 0
02d8   JP 2e2
02da   CLS
02dc   ADD V3, 1
02de   SNE V3, 10
02e0   LD V3, 0
02e2   LD V0, 10
02e4   LD ST, V0
02e6   LD F, V3
02e8   LD V0, 25
02ea   LD V1, 13
02ec   DRW V0, V1, 5
02ee   LD I, 37a
02f0   ADD V0, 6
02f2   DRW V0, V1, 4
02f4   LD F, V4
02f6   ADD V0, 5
02f8   DRW V0, V1, 5
02fa   JP 220
02fc   SNE V7, 1
02fe   RET
0300   LD V6, 0
0302   LD V7, 255
0304   RET
0306   SNE V7, 255
0308   RET
030a   LD V6, 0
030c   LD V7, 1
030e   RET
0310   SNE V9, 1
0312   RET
0314   LD V8, 0
0316   LD V9, 255
0318   RET
031a   SNE V9, 255
031c   RET
031e   LD V8, 0
0320   LD V9, 1
0322   RET
0324   SNE V6, 1
0326   RET
0328   LD V6, 255
032a   LD V7, 0
032c   RET
032e   SNE V6, 255
0330   RET
0332   LD V6, 1
0334   LD V7, 0
0336   RET
0338   SNE V8, 1
033a   RET
033c   LD V8, 255
033e   LD V9, 0
0340   RET
0342   SNE V8, 255
0344   RET
0346   LD V8, 1
0348   LD V9, 0
034a   RET
034c   ff 80
034e   JP V0, e88
0350   88 88
0352   LD V8, V8
0354   ff ff
0356   SYS fb
0358   8a fa
035a   SNE V2, V8
035c   SYS ff
035e   ff 00
0360   e8 2c
0362   CALL a29
0364   e8 00
0366   ff e0
0368   CALL a0
036a   LD I, a0
036c   LD I, a0
036e   CALL e0
0370   LD V0, V8
0372   LD V0, V8
0374   LD V0, V8
0376   LD V0, V8
0378   LD V0, V8
037a   SYS 40
037c   SYS 40
